# Logfile created on 2025-12-01 08:54:50 +0200 by logger.rb/v1.6.4
═══════════════════════════════════════════════════════════════════════════
TripWire v2.1-Robust - Incident Collection Summary
═══════════════════════════════════════════════════════════════════════════

Collection Started: 2025-12-01 08:54:50
Time Window: 2025-11-30 08:54:50 → 2025-12-01 08:54:50
Duration: 0.00 seconds

─────────────────────────────────────────────────────────────────────────
Detection Statistics
─────────────────────────────────────────────────────────────────────────
Files Processed:            0
Lines Analyzed:             0
Errors Detected:            0
Warnings Detected:          0
Alerts Extracted:           0
Processing Errors:          1

─────────────────────────────────────────────────────────────────────────
Output Location
─────────────────────────────────────────────────────────────────────────
C:/users/scottp/documents/outthemud/tripwire/TripWire_20251201-085450

Key Files:
  • TripWire_Summary.log    - Detailed collection log
  • ExtractedAlerts/        - Critical incidents detected
  • ReadableReports/        - Human-readable format
  • SystemSnapshot/         - System state at collection time

═══════════════════════════════════════════════════════════════════════════

